<?xml version="1.0" encoding="UTF-8"?>
<coverage generated="1419889082">
  <project timestamp="1419889082">
    <file name="/vagrant/GoogleMapsGeocoder/src/GoogleMapsGeocoder.php">
      <class name="GoogleMapsGeocoder" namespace="global" fullPackage="GoogleMapsGeocoder" package="GoogleMapsGeocoder">
        <metrics methods="41" coveredmethods="35" conditionals="0" coveredconditionals="0" statements="119" coveredstatements="81" elements="160" coveredelements="116"/>
      </class>
      <line num="318" type="method" name="__construct" crap="1" count="14"/>
      <line num="319" type="stmt" count="14"/>
      <line num="320" type="stmt" count="14"/>
      <line num="321" type="stmt" count="14"/>
      <line num="322" type="stmt" count="14"/>
      <line num="331" type="method" name="setFormat" crap="1" count="14"/>
      <line num="332" type="stmt" count="14"/>
      <line num="334" type="stmt" count="14"/>
      <line num="343" type="method" name="getFormat" crap="1" count="2"/>
      <line num="344" type="stmt" count="2"/>
      <line num="353" type="method" name="isFormatJson" crap="1" count="1"/>
      <line num="354" type="stmt" count="1"/>
      <line num="363" type="method" name="isFormatXml" crap="1" count="1"/>
      <line num="364" type="stmt" count="1"/>
      <line num="373" type="method" name="setAddress" crap="1" count="14"/>
      <line num="374" type="stmt" count="14"/>
      <line num="376" type="stmt" count="14"/>
      <line num="384" type="method" name="getAddress" crap="1" count="1"/>
      <line num="385" type="stmt" count="1"/>
      <line num="396" type="method" name="setLatitudeLongitude" crap="1" count="1"/>
      <line num="397" type="stmt" count="1"/>
      <line num="398" type="stmt" count="1"/>
      <line num="400" type="stmt" count="1"/>
      <line num="410" type="method" name="getLatitudeLongitude" crap="3" count="1"/>
      <line num="411" type="stmt" count="1"/>
      <line num="412" type="stmt" count="1"/>
      <line num="414" type="stmt" count="1"/>
      <line num="415" type="stmt" count="1"/>
      <line num="418" type="stmt" count="1"/>
      <line num="429" type="method" name="setLatitude" crap="1" count="2"/>
      <line num="430" type="stmt" count="2"/>
      <line num="432" type="stmt" count="2"/>
      <line num="441" type="method" name="getLatitude" crap="1" count="2"/>
      <line num="442" type="stmt" count="2"/>
      <line num="452" type="method" name="setLongitude" crap="1" count="2"/>
      <line num="453" type="stmt" count="2"/>
      <line num="455" type="stmt" count="2"/>
      <line num="464" type="method" name="getLongitude" crap="1" count="2"/>
      <line num="465" type="stmt" count="2"/>
      <line num="478" type="method" name="setBounds" crap="1" count="1"/>
      <line num="479" type="stmt" count="1"/>
      <line num="480" type="stmt" count="1"/>
      <line num="482" type="stmt" count="1"/>
      <line num="493" type="method" name="getBounds" crap="3" count="1"/>
      <line num="494" type="stmt" count="1"/>
      <line num="495" type="stmt" count="1"/>
      <line num="497" type="stmt" count="1"/>
      <line num="498" type="stmt" count="1"/>
      <line num="501" type="stmt" count="1"/>
      <line num="514" type="method" name="setBoundsSouthwest" crap="1" count="1"/>
      <line num="515" type="stmt" count="1"/>
      <line num="516" type="stmt" count="1"/>
      <line num="518" type="stmt" count="1"/>
      <line num="528" type="method" name="getBoundsSouthwest" crap="3" count="1"/>
      <line num="529" type="stmt" count="1"/>
      <line num="530" type="stmt" count="1"/>
      <line num="532" type="stmt" count="1"/>
      <line num="533" type="stmt" count="1"/>
      <line num="536" type="stmt" count="1"/>
      <line num="547" type="method" name="getBoundsSouthwestLatitude" crap="1" count="1"/>
      <line num="548" type="stmt" count="1"/>
      <line num="558" type="method" name="getBoundsSouthwestLongitude" crap="1" count="1"/>
      <line num="559" type="stmt" count="1"/>
      <line num="571" type="method" name="setBoundsNortheast" crap="1" count="1"/>
      <line num="572" type="stmt" count="1"/>
      <line num="573" type="stmt" count="1"/>
      <line num="575" type="stmt" count="1"/>
      <line num="585" type="method" name="getBoundsNortheast" crap="3" count="1"/>
      <line num="586" type="stmt" count="1"/>
      <line num="587" type="stmt" count="1"/>
      <line num="589" type="stmt" count="1"/>
      <line num="590" type="stmt" count="1"/>
      <line num="593" type="stmt" count="1"/>
      <line num="604" type="method" name="getBoundsNortheastLatitude" crap="1" count="1"/>
      <line num="605" type="stmt" count="1"/>
      <line num="615" type="method" name="getBoundsNortheastLongitude" crap="1" count="1"/>
      <line num="616" type="stmt" count="1"/>
      <line num="627" type="method" name="setRegion" crap="1" count="1"/>
      <line num="628" type="stmt" count="1"/>
      <line num="630" type="stmt" count="1"/>
      <line num="640" type="method" name="getRegion" crap="1" count="1"/>
      <line num="641" type="stmt" count="1"/>
      <line num="651" type="method" name="setLanguage" crap="1" count="1"/>
      <line num="652" type="stmt" count="1"/>
      <line num="654" type="stmt" count="1"/>
      <line num="663" type="method" name="getLanguage" crap="1" count="1"/>
      <line num="664" type="stmt" count="1"/>
      <line num="673" type="method" name="setSensor" crap="3" count="14"/>
      <line num="674" type="stmt" count="14"/>
      <line num="675" type="stmt" count="1"/>
      <line num="676" type="stmt" count="1"/>
      <line num="677" type="stmt" count="14"/>
      <line num="680" type="stmt" count="14"/>
      <line num="688" type="method" name="getSensor" crap="1" count="1"/>
      <line num="689" type="stmt" count="1"/>
      <line num="699" type="method" name="setClientId" crap="1" count="2"/>
      <line num="700" type="stmt" count="2"/>
      <line num="702" type="stmt" count="2"/>
      <line num="711" type="method" name="getClientId" crap="1" count="2"/>
      <line num="712" type="stmt" count="2"/>
      <line num="722" type="method" name="setSigningKey" crap="1" count="2"/>
      <line num="723" type="stmt" count="2"/>
      <line num="725" type="stmt" count="2"/>
      <line num="734" type="method" name="getSigningKey" crap="1" count="2"/>
      <line num="735" type="stmt" count="2"/>
      <line num="743" type="method" name="isBusinessClient" crap="2" count="1"/>
      <line num="744" type="stmt" count="1"/>
      <line num="754" type="method" name="generateSignature" crap="2" count="0"/>
      <line num="755" type="stmt" count="0"/>
      <line num="757" type="stmt" count="0"/>
      <line num="758" type="stmt" count="0"/>
      <line num="760" type="stmt" count="0"/>
      <line num="769" type="method" name="geocodeQueryString" crap="20" count="0"/>
      <line num="770" type="stmt" count="0"/>
      <line num="773" type="stmt" count="0"/>
      <line num="774" type="stmt" count="0"/>
      <line num="777" type="stmt" count="0"/>
      <line num="778" type="stmt" count="0"/>
      <line num="779" type="stmt" count="0"/>
      <line num="780" type="stmt" count="0"/>
      <line num="781" type="stmt" count="0"/>
      <line num="782" type="stmt" count="0"/>
      <line num="785" type="stmt" count="0"/>
      <line num="786" type="stmt" count="0"/>
      <line num="787" type="stmt" count="0"/>
      <line num="790" type="stmt" count="0"/>
      <line num="793" type="stmt" count="0"/>
      <line num="796" type="stmt" count="0"/>
      <line num="797" type="stmt" count="0"/>
      <line num="798" type="stmt" count="0"/>
      <line num="801" type="stmt" count="0"/>
      <line num="811" type="method" name="geocodeUrl" crap="12" count="0"/>
      <line num="812" type="stmt" count="0"/>
      <line num="813" type="stmt" count="0"/>
      <line num="815" type="stmt" count="0"/>
      <line num="816" type="stmt" count="0"/>
      <line num="817" type="stmt" count="0"/>
      <line num="819" type="stmt" count="0"/>
      <line num="831" type="method" name="geocode" crap="20" count="0"/>
      <line num="832" type="stmt" count="0"/>
      <line num="834" type="stmt" count="0"/>
      <line num="835" type="stmt" count="0"/>
      <line num="837" type="stmt" count="0"/>
      <line num="838" type="stmt" count="0"/>
      <line num="840" type="stmt" count="0"/>
      <line num="841" type="stmt" count="0"/>
      <line num="844" type="stmt" count="0"/>
      <line num="863" type="method" name="boundingBox" crap="1" count="1"/>
      <line num="864" type="stmt" count="1"/>
      <line num="865" type="stmt" count="1"/>
      <line num="867" type="stmt" count="1"/>
      <line num="868" type="stmt" count="1"/>
      <line num="870" type="stmt" count="1"/>
      <line num="871" type="stmt" count="1"/>
      <line num="872" type="stmt" count="1"/>
      <line num="873" type="stmt" count="1"/>
      <line num="882" type="method" name="base64EncodeUrlSafe" crap="2" count="0"/>
      <line num="883" type="stmt" count="0"/>
      <line num="892" type="method" name="base64DecodeUrlSafe" crap="2" count="0"/>
      <line num="893" type="stmt" count="0"/>
      <metrics loc="896" ncloc="392" classes="1" methods="41" coveredmethods="35" conditionals="0" coveredconditionals="0" statements="119" coveredstatements="81" elements="160" coveredelements="116"/>
    </file>
    <metrics files="1" loc="896" ncloc="392" classes="1" methods="41" coveredmethods="35" conditionals="0" coveredconditionals="0" statements="119" coveredstatements="81" elements="160" coveredelements="116"/>
  </project>
</coverage>
